[] - 2012-05-20 19:41:41,507 -  -  started timer!
[] - 2012-05-20 19:41:41,629 -  - http://www.zytoon.me, mdshannan@gmail.com is not valid!
[] - 2012-05-20 19:41:41,632 -  - http://www.zytoon.me, mdshannan@gmail.com is not valid!
[] - 2012-05-20 19:41:41,634 -  -  pinging http://www.zytoon.me
[] - 2012-05-20 19:41:41,634 -  -  pinging http://www.zytoon.me/
[] - 2012-05-20 19:41:41,714 -  - Sending email..
[] - 2012-05-20 19:41:41,718 -  - Sending email..
[] - 2012-05-20 19:41:41,729 -  - http://www.zytoon.me/, mdshannan@gmail.com is not valid!
[] - 2012-05-20 19:41:41,729 -  - Check email! trying to remove!
[] - 2012-05-20 19:41:41,731 -  - 4fb9aaa80364aadfa76758a7
[] - 2012-05-20 19:41:41,731 -  - Check email!
[] - 2012-05-20 19:41:41,731 -  -  where == ? 
[] - 2012-05-20 19:41:41,731 -  - 4fb9aaaa0364aadfa76758a8
[] - 2012-05-20 19:41:41,731 -  - Check email!
[] - 2012-05-20 19:41:41,731 -  -  where == ? 
[] - 2012-05-20 19:42:45,693 -  -  started timer!
[] - 2012-05-20 19:42:45,816 -  - http://www.zytoon.me?test, mdshannan@gmail.com, 4fb9aba503649b880c6ed861 is added to the queue!
[] - 2012-05-20 19:42:45,830 -  -  pinging http://www.zytoon.me
[] - 2012-05-20 19:42:45,836 -  -  pinging http://www.zytoon.me/
[] - 2012-05-20 19:42:45,849 -  - http://www.zytoon.me/, mdshannan@gmail.com is not valid!
[] - 2012-05-20 19:42:45,849 -  - Check email! trying to remove!
[] - 2012-05-20 19:42:45,859 -  - 4fb9aaa80364aadfa76758a7
[] - 2012-05-20 19:42:45,859 -  - Check email!
[] - 2012-05-20 19:42:45,902 -  -  where == ? 
[] - 2012-05-20 19:42:45,904 -  - 4fb9aaaa0364aadfa76758a8
[] - 2012-05-20 19:42:45,904 -  - Check email!
[] - 2012-05-20 19:42:45,904 -  -  where == ? 
[] - 2012-05-20 19:42:45,904 -  - 4fb9aba503649b880c6ed861
[] - 2012-05-20 19:42:45,904 -  - Check email!
[] - 2012-05-20 19:42:45,904 -  -  where == ? 
[] - 2012-05-20 19:42:45,907 -  - Sending email..
[] - 2012-05-20 19:42:45,912 -  - Sending email..
[] - 2012-05-20 19:43:57,690 -  -  started timer!
[] - 2012-05-20 19:43:57,811 -  - http://www.zytoon.me?1337568237721, mdshannan@gmail.com, 4fb9abed03644a42dbd2aed1 is added to the queue!
[] - 2012-05-20 19:43:57,815 -  -  pinging http://www.zytoon.me
[] - 2012-05-20 19:43:57,816 -  -  pinging http://www.zytoon.me/
[] - 2012-05-20 19:43:57,818 -  -  pinging http://www.zytoon.me?test
[] - 2012-05-20 19:43:57,886 -  - Sending email..
[] - 2012-05-20 19:43:57,895 -  - http://www.zytoon.me/, mdshannan@gmail.com is not valid!
[] - 2012-05-20 19:43:57,895 -  - Check email! trying to remove!
[] - 2012-05-20 19:43:57,898 -  - Sending email..
[] - 2012-05-20 19:43:57,905 -  - 4fb9aaa80364aadfa76758a7
[] - 2012-05-20 19:43:57,906 -  - Check email!
[] - 2012-05-20 19:43:57,906 -  -  where == ? 
[] - 2012-05-20 19:43:57,906 -  - 4fb9aaaa0364aadfa76758a8
[] - 2012-05-20 19:43:57,906 -  - Check email!
[] - 2012-05-20 19:43:57,907 -  -  where == ? 
[] - 2012-05-20 19:43:57,907 -  - 4fb9aba503649b880c6ed861
[] - 2012-05-20 19:43:57,907 -  - Check email!
[] - 2012-05-20 19:43:57,907 -  -  where == ? 
[] - 2012-05-20 19:43:57,907 -  - 4fb9abed03644a42dbd2aed1
[] - 2012-05-20 19:43:57,907 -  - Check email!
[] - 2012-05-20 19:43:57,907 -  -  where == ? 
[] - 2012-05-20 19:45:53,618 -  -  started timer!
[] - 2012-05-20 19:45:53,752 -  -  pinging http://www.zytoon.me
[] - 2012-05-20 19:45:53,753 -  - http://www.zytoon.me?1337568353650, mdshannan@gmail.com, 4fb9ac6103648a568cba5f37 is added to the queue!
[] - 2012-05-20 19:45:53,758 -  -  pinging http://www.zytoon.me/
[] - 2012-05-20 19:45:53,758 -  -  pinging http://www.zytoon.me?test
[] - 2012-05-20 19:45:53,760 -  -  pinging http://www.zytoon.me?1337568237721
[] - 2012-05-20 19:45:53,821 -  - Sending email..
[] - 2012-05-20 19:45:53,836 -  - Sending email..
[] - 2012-05-20 19:45:53,837 -  - http://www.zytoon.me/, mdshannan@gmail.com is not valid!
[] - 2012-05-20 19:45:53,837 -  - Check email! trying to remove!
[] - 2012-05-20 19:45:53,854 -  - 4fb9aaa80364aadfa76758a7
[] - 2012-05-20 19:45:53,854 -  - Check email!
[] - 2012-05-20 19:45:53,854 -  -  where == ? 
[] - 2012-05-20 19:45:53,854 -  - 4fb9aaaa0364aadfa76758a8
[] - 2012-05-20 19:45:53,854 -  - Check email!
[] - 2012-05-20 19:45:53,854 -  -  where == ? 
[] - 2012-05-20 19:45:53,855 -  - 4fb9aba503649b880c6ed861
[] - 2012-05-20 19:45:53,855 -  - Check email!
[] - 2012-05-20 19:45:53,855 -  -  where == ? 
[] - 2012-05-20 19:45:53,855 -  - 4fb9abed03644a42dbd2aed1
[] - 2012-05-20 19:45:53,855 -  - Check email!
[] - 2012-05-20 19:45:53,855 -  -  where == ? 
[] - 2012-05-20 19:45:53,855 -  - 4fb9ac6103648a568cba5f37
[] - 2012-05-20 19:45:53,855 -  - Check email!
[] - 2012-05-20 19:45:53,856 -  -  where == ? 
[] - 2012-05-20 19:46:27,589 -  -  started timer!
[] - 2012-05-20 19:46:27,723 -  -  pinging http://www.zytoon.me
[] - 2012-05-20 19:46:27,731 -  - http://www.zytoon.me?1337568387620, mdshannan@gmail.com, 4fb9ac830364a2ed2b4d2f50 is added to the queue!
[] - 2012-05-20 19:46:27,731 -  -  pinging http://www.zytoon.me/
[] - 2012-05-20 19:46:27,732 -  -  pinging http://www.zytoon.me?test
[] - 2012-05-20 19:46:27,732 -  -  pinging http://www.zytoon.me?1337568237721
[] - 2012-05-20 19:46:27,733 -  -  pinging http://www.zytoon.me?1337568353650
[] - 2012-05-20 19:46:27,787 -  - Sending email..
[] - 2012-05-20 19:46:27,849 -  - Sending email..
[] - 2012-05-20 19:46:27,850 -  - http://www.zytoon.me/, mdshannan@gmail.com is not valid!
[] - 2012-05-20 19:46:27,850 -  - Check email! trying to remove!
[] - 2012-05-20 19:46:27,855 -  - 4fb9aaa80364aadfa76758a7
[] - 2012-05-20 19:46:27,855 -  - Check email!
[] - 2012-05-20 19:46:27,855 -  -  where == ? 
[] - 2012-05-20 19:46:27,855 -  - 4fb9aaaa0364aadfa76758a8
[] - 2012-05-20 19:46:27,855 -  - Check email!
[] - 2012-05-20 19:46:27,855 -  -  where == ? 
[] - 2012-05-20 19:46:27,855 -  - 4fb9aba503649b880c6ed861
[] - 2012-05-20 19:46:27,855 -  - Check email!
[] - 2012-05-20 19:46:27,855 -  -  where == ? 
[] - 2012-05-20 19:46:27,855 -  - 4fb9abed03644a42dbd2aed1
[] - 2012-05-20 19:46:27,855 -  - Check email!
[] - 2012-05-20 19:46:27,855 -  -  where == ? 
[] - 2012-05-20 19:46:27,856 -  - 4fb9ac6103648a568cba5f37
[] - 2012-05-20 19:46:27,856 -  - Check email!
[] - 2012-05-20 19:46:27,856 -  -  where == ? 
[] - 2012-05-20 19:46:27,856 -  - 4fb9ac830364a2ed2b4d2f50
[] - 2012-05-20 19:46:27,856 -  - Check email!
[] - 2012-05-20 19:46:27,856 -  -  where == ? 
[] - 2012-05-20 19:46:27,973 -  -  ping successful http://www.zytoon.me
[] - 2012-05-20 19:47:28,095 -  -  started timer!
[] - 2012-05-20 19:47:28,221 -  - http://www.zytoon.me?1337568448096, mdshannan@gmail.com, 4fb9acc003640887739f3826 is added to the queue!
[] - 2012-05-20 19:47:28,225 -  -  pinging http://www.zytoon.me
[] - 2012-05-20 19:47:28,225 -  -  pinging http://www.zytoon.me/
[] - 2012-05-20 19:47:28,226 -  -  pinging http://www.zytoon.me?test
[] - 2012-05-20 19:47:28,227 -  -  pinging http://www.zytoon.me?1337568237721
[] - 2012-05-20 19:47:28,229 -  -  pinging http://www.zytoon.me?1337568353650
[] - 2012-05-20 19:47:28,229 -  -  pinging http://www.zytoon.me?1337568387620
[] - 2012-05-20 19:47:28,269 -  - Sending email..
[] - 2012-05-20 19:47:28,287 -  - Sending email..
[] - 2012-05-20 19:47:28,288 -  - http://www.zytoon.me?1337568448096, mdshannan@gmail.com is not valid!
[] - 2012-05-20 19:47:28,300 -  - http://www.zytoon.me/, mdshannan@gmail.com is not valid!
[] - 2012-05-20 19:47:28,300 -  - Check email! trying to remove!
[] - 2012-05-20 19:47:28,307 -  - 4fb9aaa80364aadfa76758a7
[] - 2012-05-20 19:47:28,307 -  - Check email!
[] - 2012-05-20 19:47:28,307 -  -  where == ? 
[] - 2012-05-20 19:47:28,307 -  - 4fb9aaaa0364aadfa76758a8
[] - 2012-05-20 19:47:28,307 -  - Check email!
[] - 2012-05-20 19:47:28,307 -  -  where == ? 
[] - 2012-05-20 19:47:28,307 -  - 4fb9aba503649b880c6ed861
[] - 2012-05-20 19:47:28,307 -  - Check email!
[] - 2012-05-20 19:47:28,307 -  -  where == ? 
[] - 2012-05-20 19:47:28,308 -  - 4fb9abed03644a42dbd2aed1
[] - 2012-05-20 19:47:28,308 -  - Check email!
[] - 2012-05-20 19:47:28,308 -  -  where == ? 
[] - 2012-05-20 19:47:28,308 -  - 4fb9ac6103648a568cba5f37
[] - 2012-05-20 19:47:28,308 -  - Check email!
[] - 2012-05-20 19:47:28,308 -  -  where == ? 
[] - 2012-05-20 19:47:28,308 -  - 4fb9ac830364a2ed2b4d2f50
[] - 2012-05-20 19:47:28,308 -  - Check email!
[] - 2012-05-20 19:47:28,308 -  -  where == ? 
[] - 2012-05-20 19:47:28,308 -  - 4fb9acc003640887739f3826
[] - 2012-05-20 19:47:28,308 -  - Check email!
[] - 2012-05-20 19:47:28,308 -  -  where == ? 
[] - 2012-05-20 19:48:30,315 -  -  started timer!
[] - 2012-05-20 19:48:30,440 -  - http://www.zytoon.me?1337568510317, mdshannan@gmail.com, 4fb9acfe0364cc0b7d5d4298 is added to the queue!
[] - 2012-05-20 19:48:30,447 -  -  pinging http://www.zytoon.me
[] - 2012-05-20 19:48:30,447 -  -  pinging http://www.zytoon.me/
[] - 2012-05-20 19:48:30,448 -  -  pinging http://www.zytoon.me?test
[] - 2012-05-20 19:48:30,449 -  -  pinging http://www.zytoon.me?1337568237721
[] - 2012-05-20 19:48:30,451 -  -  pinging http://www.zytoon.me?1337568353650
[] - 2012-05-20 19:48:30,451 -  -  pinging http://www.zytoon.me?1337568387620
[] - 2012-05-20 19:48:30,451 -  -  pinging http://www.zytoon.me?1337568448096
[] - 2012-05-20 19:48:30,480 -  - http://www.zytoon.me?1337568510317, mdshannan@gmail.com is not valid!
[] - 2012-05-20 19:48:30,489 -  - http://www.zytoon.me?1337568510483, mdshannan@gmail.com, 4fb9acfe0364cc0b7d5d4299 is added to the queue!
[] - 2012-05-20 19:48:30,489 -  - Check email! trying to remove!
[] - 2012-05-20 19:48:30,493 -  - 4fb9aaa80364aadfa76758a7
[] - 2012-05-20 19:48:30,494 -  - Check email!
[] - 2012-05-20 19:48:30,494 -  -  where == ? 
[] - 2012-05-20 19:48:30,494 -  - 4fb9aaaa0364aadfa76758a8
[] - 2012-05-20 19:48:30,494 -  - Check email!
[] - 2012-05-20 19:48:30,494 -  -  where == ? 
[] - 2012-05-20 19:48:30,494 -  - 4fb9aba503649b880c6ed861
[] - 2012-05-20 19:48:30,494 -  - Check email!
[] - 2012-05-20 19:48:30,494 -  -  where == ? 
[] - 2012-05-20 19:48:30,495 -  - 4fb9abed03644a42dbd2aed1
[] - 2012-05-20 19:48:30,495 -  - Check email!
[] - 2012-05-20 19:48:30,495 -  -  where == ? 
[] - 2012-05-20 19:48:30,495 -  - 4fb9ac6103648a568cba5f37
[] - 2012-05-20 19:48:30,495 -  - Check email!
[] - 2012-05-20 19:48:30,495 -  -  where == ? 
[] - 2012-05-20 19:48:30,495 -  - 4fb9ac830364a2ed2b4d2f50
[] - 2012-05-20 19:48:30,495 -  - Check email!
[] - 2012-05-20 19:48:30,495 -  -  where == ? 
[] - 2012-05-20 19:48:30,495 -  - 4fb9acc003640887739f3826
[] - 2012-05-20 19:48:30,496 -  - Check email!
[] - 2012-05-20 19:48:30,496 -  -  where == ? 
[] - 2012-05-20 19:48:30,496 -  - 4fb9acfe0364cc0b7d5d4298
[] - 2012-05-20 19:48:30,496 -  - Check email!
[] - 2012-05-20 19:48:30,496 -  -  where == ? 
[] - 2012-05-20 19:48:30,496 -  - 4fb9acfe0364cc0b7d5d4299
[] - 2012-05-20 19:48:30,496 -  - Check email!
[] - 2012-05-20 19:48:30,496 -  -  where == ? 
[] - 2012-05-20 19:48:30,518 -  - Sending email..
[] - 2012-05-20 19:48:30,520 -  - Sending email..
[] - 2012-05-20 19:49:55,122 -  -  started timer!
[] - 2012-05-20 19:49:55,254 -  - http://www.zytoon.me?1337568595124, mdshannan@gmail.com, 4fb9ad5303646e59892faa0d is added to the queue!
[] - 2012-05-20 19:49:55,256 -  -  pinging http://www.zytoon.me
[] - 2012-05-20 19:49:55,257 -  -  pinging http://www.zytoon.me/
[] - 2012-05-20 19:49:55,257 -  -  pinging http://www.zytoon.me?test
[] - 2012-05-20 19:49:55,257 -  -  pinging http://www.zytoon.me?1337568237721
[] - 2012-05-20 19:49:55,266 -  -  pinging http://www.zytoon.me?1337568353650
[] - 2012-05-20 19:49:55,267 -  -  pinging http://www.zytoon.me?1337568387620
[] - 2012-05-20 19:49:55,267 -  -  pinging http://www.zytoon.me?1337568448096
[] - 2012-05-20 19:49:55,271 -  -  pinging http://www.zytoon.me?1337568510317
[] - 2012-05-20 19:49:55,272 -  -  pinging http://www.zytoon.me?1337568510483
[] - 2012-05-20 19:49:55,281 -  - http://www.zytoon.me?1337568595124, mdshannan@gmail.com is not valid!
[] - 2012-05-20 19:49:55,311 -  - Sending email..
[] - 2012-05-20 19:49:55,317 -  - Sending email..
[] - 2012-05-20 19:49:55,326 -  - http://www.zytoon.me?1337568595284, mdshannan@gmail.com, 4fb9ad5303646e59892faa0e is added to the queue!
[] - 2012-05-20 19:49:55,326 -  - Check email! trying to remove!
[] - 2012-05-20 19:49:55,339 -  - 4fb9aaa80364aadfa76758a7
[] - 2012-05-20 19:49:55,339 -  - Check email!
[] - 2012-05-20 19:49:55,339 -  -  where == ? 
[] - 2012-05-20 19:49:55,339 -  - 4fb9aaaa0364aadfa76758a8
[] - 2012-05-20 19:49:55,339 -  - Check email!
[] - 2012-05-20 19:49:55,339 -  -  where == ? 
[] - 2012-05-20 19:49:55,339 -  - 4fb9aba503649b880c6ed861
[] - 2012-05-20 19:49:55,339 -  - Check email!
[] - 2012-05-20 19:49:55,344 -  -  where == ? 
[] - 2012-05-20 19:49:55,344 -  - 4fb9abed03644a42dbd2aed1
[] - 2012-05-20 19:49:55,344 -  - Check email!
[] - 2012-05-20 19:49:55,344 -  -  where == ? 
[] - 2012-05-20 19:49:55,344 -  - 4fb9ac6103648a568cba5f37
[] - 2012-05-20 19:49:55,344 -  - Check email!
[] - 2012-05-20 19:49:55,344 -  -  where == ? 
[] - 2012-05-20 19:49:55,344 -  - 4fb9ac830364a2ed2b4d2f50
[] - 2012-05-20 19:49:55,344 -  - Check email!
[] - 2012-05-20 19:49:55,344 -  -  where == ? 
[] - 2012-05-20 19:49:55,345 -  - 4fb9acc003640887739f3826
[] - 2012-05-20 19:49:55,345 -  - Check email!
[] - 2012-05-20 19:49:55,345 -  -  where == ? 
[] - 2012-05-20 19:49:55,345 -  - 4fb9acfe0364cc0b7d5d4298
[] - 2012-05-20 19:49:55,345 -  - Check email!
[] - 2012-05-20 19:49:55,345 -  -  where == ? 
[] - 2012-05-20 19:49:55,345 -  - 4fb9acfe0364cc0b7d5d4299
[] - 2012-05-20 19:49:55,345 -  - Check email!
[] - 2012-05-20 19:49:55,345 -  -  where == ? 
[] - 2012-05-20 19:49:55,345 -  - 4fb9ad5303646e59892faa0d
[] - 2012-05-20 19:49:55,345 -  - Check email!
[] - 2012-05-20 19:49:55,345 -  -  where == ? 
[] - 2012-05-20 19:49:55,346 -  - 4fb9ad5303646e59892faa0e
[] - 2012-05-20 19:49:55,346 -  - Check email!
[] - 2012-05-20 19:49:55,346 -  -  where == ? 
[] - 2012-05-20 20:01:13,738 -  -  started timer!
[] - 2012-05-20 20:01:13,868 -  - http://www.zytoon.me?1337569273761, mdshannan@gmail.com, 4fb9aff9036436dab81a5bcb is added to the queue!
[] - 2012-05-20 20:01:13,878 -  -  pinging http://www.zytoon.me
[] - 2012-05-20 20:01:13,885 -  -  pinging http://www.zytoon.me/
[] - 2012-05-20 20:01:13,885 -  -  pinging http://www.zytoon.me?test
[] - 2012-05-20 20:01:13,890 -  -  pinging http://www.zytoon.me?1337568237721
[] - 2012-05-20 20:01:13,890 -  -  pinging http://www.zytoon.me?1337568353650
[] - 2012-05-20 20:01:13,890 -  -  pinging http://www.zytoon.me?1337568387620
[] - 2012-05-20 20:01:13,891 -  -  pinging http://www.zytoon.me?1337568448096
[] - 2012-05-20 20:01:13,891 -  -  pinging http://www.zytoon.me?1337568510317
[] - 2012-05-20 20:01:13,891 -  -  pinging http://www.zytoon.me?1337568510483
[] - 2012-05-20 20:01:13,892 -  -  pinging http://www.zytoon.me?1337568595124
[] - 2012-05-20 20:01:13,938 -  - Sending email..
[] - 2012-05-20 20:01:13,965 -  - http://www.zytoon.me?1337569273898, mdshannan@gmail.com, 4fb9aff9036436dab81a5bcc is added to the queue!
[] - 2012-05-20 20:01:13,965 -  - Sending email..
[] - 2012-05-20 20:01:13,966 -  - 4fb9aff9036436dab81a5bcc trying to remove!
[] - 2012-05-20 20:01:13,983 -  - 4fb9aaa80364aadfa76758a7
[] - 2012-05-20 20:01:13,983 -  - 4fb9aff9036436dab81a5bcc
[] - 2012-05-20 20:01:13,983 -  -  where == ? 
[] - 2012-05-20 20:01:13,983 -  - 4fb9aaaa0364aadfa76758a8
[] - 2012-05-20 20:01:13,983 -  - 4fb9aff9036436dab81a5bcc
[] - 2012-05-20 20:01:13,983 -  -  where == ? 
[] - 2012-05-20 20:01:13,983 -  - 4fb9aba503649b880c6ed861
[] - 2012-05-20 20:01:13,983 -  - 4fb9aff9036436dab81a5bcc
[] - 2012-05-20 20:01:13,984 -  -  where == ? 
[] - 2012-05-20 20:01:13,984 -  - 4fb9abed03644a42dbd2aed1
[] - 2012-05-20 20:01:13,984 -  - 4fb9aff9036436dab81a5bcc
[] - 2012-05-20 20:01:13,984 -  -  where == ? 
[] - 2012-05-20 20:01:13,984 -  - 4fb9ac6103648a568cba5f37
[] - 2012-05-20 20:01:13,984 -  - 4fb9aff9036436dab81a5bcc
[] - 2012-05-20 20:01:13,984 -  -  where == ? 
[] - 2012-05-20 20:01:13,984 -  - 4fb9ac830364a2ed2b4d2f50
[] - 2012-05-20 20:01:13,984 -  - 4fb9aff9036436dab81a5bcc
[] - 2012-05-20 20:01:13,984 -  -  where == ? 
[] - 2012-05-20 20:01:13,984 -  - 4fb9acc003640887739f3826
[] - 2012-05-20 20:01:13,984 -  - 4fb9aff9036436dab81a5bcc
[] - 2012-05-20 20:01:13,984 -  -  where == ? 
[] - 2012-05-20 20:01:13,984 -  - 4fb9acfe0364cc0b7d5d4298
[] - 2012-05-20 20:01:13,985 -  - 4fb9aff9036436dab81a5bcc
[] - 2012-05-20 20:01:13,985 -  -  where == ? 
[] - 2012-05-20 20:01:13,985 -  - 4fb9acfe0364cc0b7d5d4299
[] - 2012-05-20 20:01:13,985 -  - 4fb9aff9036436dab81a5bcc
[] - 2012-05-20 20:01:13,985 -  -  where == ? 
[] - 2012-05-20 20:01:13,985 -  - 4fb9ad5303646e59892faa0d
[] - 2012-05-20 20:01:13,985 -  - 4fb9aff9036436dab81a5bcc
[] - 2012-05-20 20:01:13,985 -  -  where == ? 
[] - 2012-05-20 20:01:13,985 -  - 4fb9ad5303646e59892faa0e
[] - 2012-05-20 20:01:13,985 -  - 4fb9aff9036436dab81a5bcc
[] - 2012-05-20 20:01:13,985 -  -  where == ? 
[] - 2012-05-20 20:01:13,985 -  - 4fb9afa803647d3e7bd8cff3
[] - 2012-05-20 20:01:13,986 -  - 4fb9aff9036436dab81a5bcc
[] - 2012-05-20 20:01:13,986 -  -  where == ? 
[] - 2012-05-20 20:01:13,986 -  - 4fb9afa803647d3e7bd8cff4
[] - 2012-05-20 20:01:13,986 -  - 4fb9aff9036436dab81a5bcc
[] - 2012-05-20 20:01:13,986 -  -  where == ? 
[] - 2012-05-20 20:01:13,986 -  - 4fb9aff9036436dab81a5bcb
[] - 2012-05-20 20:01:13,986 -  - 4fb9aff9036436dab81a5bcc
[] - 2012-05-20 20:01:13,986 -  -  where == ? 
[] - 2012-05-20 20:01:13,986 -  - 4fb9aff9036436dab81a5bcc
[] - 2012-05-20 20:01:13,986 -  - 4fb9aff9036436dab81a5bcc
[] - 2012-05-20 20:01:13,986 -  -  where == ? 
[] - 2012-05-20 20:01:13,987 -  - 4fb9aff9036436dab81a5bcc is removed!
[] - 2012-05-20 20:01:13,987 -  - 4fb9aff9036436dab81a5bcc trying to remove!
[] - 2012-05-20 20:01:13,995 -  - 4fb9aaa80364aadfa76758a7
[] - 2012-05-20 20:01:13,995 -  - 4fb9aff9036436dab81a5bcc
[] - 2012-05-20 20:01:13,995 -  -  where == ? 
[] - 2012-05-20 20:01:13,995 -  - 4fb9aaaa0364aadfa76758a8
[] - 2012-05-20 20:01:13,996 -  - 4fb9aff9036436dab81a5bcc
[] - 2012-05-20 20:01:13,996 -  -  where == ? 
[] - 2012-05-20 20:01:13,996 -  - 4fb9aba503649b880c6ed861
[] - 2012-05-20 20:01:13,996 -  - 4fb9aff9036436dab81a5bcc
[] - 2012-05-20 20:01:13,996 -  -  where == ? 
[] - 2012-05-20 20:01:13,996 -  - 4fb9abed03644a42dbd2aed1
[] - 2012-05-20 20:01:13,996 -  - 4fb9aff9036436dab81a5bcc
[] - 2012-05-20 20:01:13,996 -  -  where == ? 
[] - 2012-05-20 20:01:13,996 -  - 4fb9ac6103648a568cba5f37
[] - 2012-05-20 20:01:13,996 -  - 4fb9aff9036436dab81a5bcc
[] - 2012-05-20 20:01:13,996 -  -  where == ? 
[] - 2012-05-20 20:01:13,996 -  - 4fb9ac830364a2ed2b4d2f50
[] - 2012-05-20 20:01:13,996 -  - 4fb9aff9036436dab81a5bcc
[] - 2012-05-20 20:01:13,997 -  -  where == ? 
[] - 2012-05-20 20:01:13,997 -  - 4fb9acc003640887739f3826
[] - 2012-05-20 20:01:13,997 -  - 4fb9aff9036436dab81a5bcc
[] - 2012-05-20 20:01:13,997 -  -  where == ? 
[] - 2012-05-20 20:01:13,997 -  - 4fb9acfe0364cc0b7d5d4298
[] - 2012-05-20 20:01:13,997 -  - 4fb9aff9036436dab81a5bcc
[] - 2012-05-20 20:01:13,997 -  -  where == ? 
[] - 2012-05-20 20:01:13,997 -  - 4fb9acfe0364cc0b7d5d4299
[] - 2012-05-20 20:01:13,997 -  - 4fb9aff9036436dab81a5bcc
[] - 2012-05-20 20:01:13,997 -  -  where == ? 
[] - 2012-05-20 20:01:13,997 -  - 4fb9ad5303646e59892faa0d
[] - 2012-05-20 20:01:13,997 -  - 4fb9aff9036436dab81a5bcc
[] - 2012-05-20 20:01:13,997 -  -  where == ? 
[] - 2012-05-20 20:01:13,998 -  - 4fb9ad5303646e59892faa0e
[] - 2012-05-20 20:01:13,998 -  - 4fb9aff9036436dab81a5bcc
[] - 2012-05-20 20:01:13,998 -  -  where == ? 
[] - 2012-05-20 20:01:13,998 -  - 4fb9afa803647d3e7bd8cff3
[] - 2012-05-20 20:01:13,998 -  - 4fb9aff9036436dab81a5bcc
[] - 2012-05-20 20:01:13,998 -  -  where == ? 
[] - 2012-05-20 20:01:13,998 -  - 4fb9afa803647d3e7bd8cff4
[] - 2012-05-20 20:01:13,998 -  - 4fb9aff9036436dab81a5bcc
[] - 2012-05-20 20:01:13,998 -  -  where == ? 
[] - 2012-05-20 20:01:13,998 -  - 4fb9aff9036436dab81a5bcb
[] - 2012-05-20 20:01:13,998 -  - 4fb9aff9036436dab81a5bcc
[] - 2012-05-20 20:01:13,998 -  -  where == ? 
[] - 2012-05-20 20:01:13,998 -  - 4fb9aff9036436dab81a5bcc
[] - 2012-05-20 20:01:13,998 -  - 4fb9aff9036436dab81a5bcc
[] - 2012-05-20 20:01:13,999 -  -  where == ? 
[] - 2012-05-20 20:01:13,999 -  - 4fb9aff9036436dab81a5bcc is removed!
[] - 2012-05-20 20:03:01,419 -  -  started timer!
[] - 2012-05-20 20:03:01,553 -  - http://www.zytoon.me?1337569381424, mdshannan@gmail.com, 4fb9b0650364f0137d76018a is added to the queue!
[] - 2012-05-20 20:03:01,557 -  -  pinging http://www.zytoon.me
[] - 2012-05-20 20:03:01,558 -  -  pinging http://www.zytoon.me/
[] - 2012-05-20 20:03:01,562 -  -  pinging http://www.zytoon.me?test
[] - 2012-05-20 20:03:01,564 -  -  pinging http://www.zytoon.me?1337568237721
[] - 2012-05-20 20:03:01,564 -  -  pinging http://www.zytoon.me?1337568353650
[] - 2012-05-20 20:03:01,565 -  -  pinging http://www.zytoon.me?1337568387620
[] - 2012-05-20 20:03:01,565 -  -  pinging http://www.zytoon.me?1337568448096
[] - 2012-05-20 20:03:01,565 -  -  pinging http://www.zytoon.me?1337568510317
[] - 2012-05-20 20:03:01,566 -  -  pinging http://www.zytoon.me?1337568510483
[] - 2012-05-20 20:03:01,573 -  -  pinging http://www.zytoon.me?1337568595124
[] - 2012-05-20 20:03:01,594 -  - Sending email..
[] - 2012-05-20 20:03:01,627 -  - http://www.zytoon.me?1337569381424, mdshannan@gmail.com is not valid!
[] - 2012-05-20 20:03:01,629 -  - Sending email..
[] - 2012-05-20 20:03:01,640 -  - http://www.zytoon.me?1337569381632, mdshannan@gmail.com, 4fb9b0650364f0137d76018b is added to the queue!
[] - 2012-05-20 20:03:01,640 -  - 4fb9b0650364f0137d76018b trying to remove!
[] - 2012-05-20 20:03:01,649 -  - 4fb9aaa80364aadfa76758a7
[] - 2012-05-20 20:03:01,649 -  - 4fb9b0650364f0137d76018b
[] - 2012-05-20 20:03:01,650 -  -  where == ? 
[] - 2012-05-20 20:03:01,650 -  - 4fb9aaaa0364aadfa76758a8
[] - 2012-05-20 20:03:01,650 -  - 4fb9b0650364f0137d76018b
[] - 2012-05-20 20:03:01,650 -  -  where == ? 
[] - 2012-05-20 20:03:01,650 -  - 4fb9aba503649b880c6ed861
[] - 2012-05-20 20:03:01,650 -  - 4fb9b0650364f0137d76018b
[] - 2012-05-20 20:03:01,650 -  -  where == ? 
[] - 2012-05-20 20:03:01,650 -  - 4fb9abed03644a42dbd2aed1
[] - 2012-05-20 20:03:01,650 -  - 4fb9b0650364f0137d76018b
[] - 2012-05-20 20:03:01,650 -  -  where == ? 
[] - 2012-05-20 20:03:01,650 -  - 4fb9ac6103648a568cba5f37
[] - 2012-05-20 20:03:01,650 -  - 4fb9b0650364f0137d76018b
[] - 2012-05-20 20:03:01,651 -  -  where == ? 
[] - 2012-05-20 20:03:01,651 -  - 4fb9ac830364a2ed2b4d2f50
[] - 2012-05-20 20:03:01,651 -  - 4fb9b0650364f0137d76018b
[] - 2012-05-20 20:03:01,651 -  -  where == ? 
[] - 2012-05-20 20:03:01,651 -  - 4fb9acc003640887739f3826
[] - 2012-05-20 20:03:01,651 -  - 4fb9b0650364f0137d76018b
[] - 2012-05-20 20:03:01,651 -  -  where == ? 
[] - 2012-05-20 20:03:01,651 -  - 4fb9acfe0364cc0b7d5d4298
[] - 2012-05-20 20:03:01,651 -  - 4fb9b0650364f0137d76018b
[] - 2012-05-20 20:03:01,651 -  -  where == ? 
[] - 2012-05-20 20:03:01,651 -  - 4fb9acfe0364cc0b7d5d4299
[] - 2012-05-20 20:03:01,651 -  - 4fb9b0650364f0137d76018b
[] - 2012-05-20 20:03:01,651 -  -  where == ? 
[] - 2012-05-20 20:03:01,652 -  - 4fb9ad5303646e59892faa0d
[] - 2012-05-20 20:03:01,652 -  - 4fb9b0650364f0137d76018b
[] - 2012-05-20 20:03:01,652 -  -  where == ? 
[] - 2012-05-20 20:03:01,652 -  - 4fb9ad5303646e59892faa0e
[] - 2012-05-20 20:03:01,652 -  - 4fb9b0650364f0137d76018b
[] - 2012-05-20 20:03:01,652 -  -  where == ? 
[] - 2012-05-20 20:03:01,652 -  - 4fb9afa803647d3e7bd8cff3
[] - 2012-05-20 20:03:01,652 -  - 4fb9b0650364f0137d76018b
[] - 2012-05-20 20:03:01,652 -  -  where == ? 
[] - 2012-05-20 20:03:01,652 -  - 4fb9afa803647d3e7bd8cff4
[] - 2012-05-20 20:03:01,652 -  - 4fb9b0650364f0137d76018b
[] - 2012-05-20 20:03:01,653 -  -  where == ? 
[] - 2012-05-20 20:03:01,653 -  - 4fb9aff9036436dab81a5bcb
[] - 2012-05-20 20:03:01,653 -  - 4fb9b0650364f0137d76018b
[] - 2012-05-20 20:03:01,653 -  -  where == ? 
[] - 2012-05-20 20:03:01,653 -  - 4fb9aff9036436dab81a5bcc
[] - 2012-05-20 20:03:01,653 -  - 4fb9b0650364f0137d76018b
[] - 2012-05-20 20:03:01,653 -  -  where == ? 
[] - 2012-05-20 20:03:01,653 -  - 4fb9b0650364f0137d76018a
[] - 2012-05-20 20:03:01,653 -  - 4fb9b0650364f0137d76018b
[] - 2012-05-20 20:03:01,653 -  -  where == ? 
[] - 2012-05-20 20:03:01,654 -  - 4fb9b0650364f0137d76018b
[] - 2012-05-20 20:03:01,654 -  - 4fb9b0650364f0137d76018b
[] - 2012-05-20 20:03:01,654 -  -  where == ? 
[] - 2012-05-20 20:03:01,655 -  - 4fb9b0650364f0137d76018b is removed!
[] - 2012-05-20 20:03:01,655 -  - 4fb9b0650364f0137d76018b trying to remove!
[] - 2012-05-20 20:03:01,669 -  - 4fb9aaa80364aadfa76758a7
[] - 2012-05-20 20:03:01,669 -  - 4fb9b0650364f0137d76018b
[] - 2012-05-20 20:03:01,669 -  -  where == ? 
[] - 2012-05-20 20:03:01,669 -  - 4fb9aaaa0364aadfa76758a8
[] - 2012-05-20 20:03:01,669 -  - 4fb9b0650364f0137d76018b
[] - 2012-05-20 20:03:01,669 -  -  where == ? 
[] - 2012-05-20 20:03:01,669 -  - 4fb9aba503649b880c6ed861
[] - 2012-05-20 20:03:01,669 -  - 4fb9b0650364f0137d76018b
[] - 2012-05-20 20:03:01,669 -  -  where == ? 
[] - 2012-05-20 20:03:01,669 -  - 4fb9abed03644a42dbd2aed1
[] - 2012-05-20 20:03:01,670 -  - 4fb9b0650364f0137d76018b
[] - 2012-05-20 20:03:01,670 -  -  where == ? 
[] - 2012-05-20 20:03:01,670 -  - 4fb9ac6103648a568cba5f37
[] - 2012-05-20 20:03:01,670 -  - 4fb9b0650364f0137d76018b
[] - 2012-05-20 20:03:01,670 -  -  where == ? 
[] - 2012-05-20 20:03:01,670 -  - 4fb9ac830364a2ed2b4d2f50
[] - 2012-05-20 20:03:01,670 -  - 4fb9b0650364f0137d76018b
[] - 2012-05-20 20:03:01,670 -  -  where == ? 
[] - 2012-05-20 20:03:01,670 -  - 4fb9acc003640887739f3826
[] - 2012-05-20 20:03:01,670 -  - 4fb9b0650364f0137d76018b
[] - 2012-05-20 20:03:01,670 -  -  where == ? 
[] - 2012-05-20 20:03:01,670 -  - 4fb9acfe0364cc0b7d5d4298
[] - 2012-05-20 20:03:01,670 -  - 4fb9b0650364f0137d76018b
[] - 2012-05-20 20:03:01,671 -  -  where == ? 
[] - 2012-05-20 20:03:01,671 -  - 4fb9acfe0364cc0b7d5d4299
[] - 2012-05-20 20:03:01,671 -  - 4fb9b0650364f0137d76018b
[] - 2012-05-20 20:03:01,671 -  -  where == ? 
[] - 2012-05-20 20:03:01,671 -  - 4fb9ad5303646e59892faa0d
[] - 2012-05-20 20:03:01,671 -  - 4fb9b0650364f0137d76018b
[] - 2012-05-20 20:03:01,671 -  -  where == ? 
[] - 2012-05-20 20:03:01,671 -  - 4fb9ad5303646e59892faa0e
[] - 2012-05-20 20:03:01,671 -  - 4fb9b0650364f0137d76018b
[] - 2012-05-20 20:03:01,671 -  -  where == ? 
[] - 2012-05-20 20:03:01,671 -  - 4fb9afa803647d3e7bd8cff3
[] - 2012-05-20 20:03:01,671 -  - 4fb9b0650364f0137d76018b
[] - 2012-05-20 20:03:01,671 -  -  where == ? 
[] - 2012-05-20 20:03:01,672 -  - 4fb9afa803647d3e7bd8cff4
[] - 2012-05-20 20:03:01,672 -  - 4fb9b0650364f0137d76018b
[] - 2012-05-20 20:03:01,672 -  -  where == ? 
[] - 2012-05-20 20:03:01,672 -  - 4fb9aff9036436dab81a5bcb
[] - 2012-05-20 20:03:01,672 -  - 4fb9b0650364f0137d76018b
[] - 2012-05-20 20:03:01,672 -  -  where == ? 
[] - 2012-05-20 20:03:01,672 -  - 4fb9aff9036436dab81a5bcc
[] - 2012-05-20 20:03:01,672 -  - 4fb9b0650364f0137d76018b
[] - 2012-05-20 20:03:01,672 -  -  where == ? 
[] - 2012-05-20 20:03:01,672 -  - 4fb9b0650364f0137d76018a
[] - 2012-05-20 20:03:01,672 -  - 4fb9b0650364f0137d76018b
[] - 2012-05-20 20:03:01,672 -  -  where == ? 
[] - 2012-05-20 20:03:01,672 -  - 4fb9b0650364f0137d76018b
[] - 2012-05-20 20:03:01,673 -  - 4fb9b0650364f0137d76018b
[] - 2012-05-20 20:03:01,673 -  -  where == ? 
[] - 2012-05-20 20:03:01,673 -  - 4fb9b0650364f0137d76018b is removed!
[] - 2012-05-20 20:03:57,711 -  -  started timer!
[] - 2012-05-20 20:03:57,842 -  - http://www.zytoon.me?1337569437750, mdshannan@gmail.com, 4fb9b09d0364f1a3dd9a5e07 is added to the queue!
[] - 2012-05-20 20:03:57,846 -  -  pinging http://www.zytoon.me
[] - 2012-05-20 20:03:57,848 -  -  pinging http://www.zytoon.me/
[] - 2012-05-20 20:03:57,854 -  -  pinging http://www.zytoon.me?test
[] - 2012-05-20 20:03:57,858 -  -  pinging http://www.zytoon.me?1337568237721
[] - 2012-05-20 20:03:57,860 -  -  pinging http://www.zytoon.me?1337568353650
[] - 2012-05-20 20:03:57,860 -  -  pinging http://www.zytoon.me?1337568387620
[] - 2012-05-20 20:03:57,861 -  -  pinging http://www.zytoon.me?1337568448096
[] - 2012-05-20 20:03:57,861 -  -  pinging http://www.zytoon.me?1337568510317
[] - 2012-05-20 20:03:57,862 -  -  pinging http://www.zytoon.me?1337568510483
[] - 2012-05-20 20:03:57,862 -  -  pinging http://www.zytoon.me?1337568595124
[] - 2012-05-20 20:03:57,869 -  - http://www.zytoon.me?1337569437750, mdshannan@gmail.com is not valid!
[] - 2012-05-20 20:03:57,893 -  - http://www.zytoon.me?1337569437872, mdshannan@gmail.com, 4fb9b09d0364f1a3dd9a5e08 is added to the queue!
[] - 2012-05-20 20:03:57,893 -  - 4fb9b09d0364f1a3dd9a5e08 trying to remove!
[] - 2012-05-20 20:03:57,914 -  - 4fb9aaa80364aadfa76758a7
[] - 2012-05-20 20:03:57,914 -  - 4fb9b09d0364f1a3dd9a5e08
[] - 2012-05-20 20:03:57,914 -  -  where == ? 
[] - 2012-05-20 20:03:57,914 -  - 4fb9aaaa0364aadfa76758a8
[] - 2012-05-20 20:03:57,914 -  - 4fb9b09d0364f1a3dd9a5e08
[] - 2012-05-20 20:03:57,914 -  -  where == ? 
[] - 2012-05-20 20:03:57,914 -  - 4fb9aba503649b880c6ed861
[] - 2012-05-20 20:03:57,914 -  - 4fb9b09d0364f1a3dd9a5e08
[] - 2012-05-20 20:03:57,914 -  -  where == ? 
[] - 2012-05-20 20:03:57,914 -  - 4fb9abed03644a42dbd2aed1
[] - 2012-05-20 20:03:57,917 -  - 4fb9b09d0364f1a3dd9a5e08
[] - 2012-05-20 20:03:57,917 -  -  where == ? 
[] - 2012-05-20 20:03:57,917 -  - 4fb9ac6103648a568cba5f37
[] - 2012-05-20 20:03:57,917 -  - 4fb9b09d0364f1a3dd9a5e08
[] - 2012-05-20 20:03:57,917 -  -  where == ? 
[] - 2012-05-20 20:03:57,917 -  - 4fb9ac830364a2ed2b4d2f50
[] - 2012-05-20 20:03:57,917 -  - 4fb9b09d0364f1a3dd9a5e08
[] - 2012-05-20 20:03:57,917 -  -  where == ? 
[] - 2012-05-20 20:03:57,917 -  - 4fb9acc003640887739f3826
[] - 2012-05-20 20:03:57,918 -  - 4fb9b09d0364f1a3dd9a5e08
[] - 2012-05-20 20:03:57,918 -  -  where == ? 
[] - 2012-05-20 20:03:57,918 -  - 4fb9acfe0364cc0b7d5d4298
[] - 2012-05-20 20:03:57,918 -  - 4fb9b09d0364f1a3dd9a5e08
[] - 2012-05-20 20:03:57,918 -  -  where == ? 
[] - 2012-05-20 20:03:57,918 -  - 4fb9acfe0364cc0b7d5d4299
[] - 2012-05-20 20:03:57,918 -  - 4fb9b09d0364f1a3dd9a5e08
[] - 2012-05-20 20:03:57,918 -  -  where == ? 
[] - 2012-05-20 20:03:57,918 -  - 4fb9ad5303646e59892faa0d
[] - 2012-05-20 20:03:57,918 -  - 4fb9b09d0364f1a3dd9a5e08
[] - 2012-05-20 20:03:57,918 -  -  where == ? 
[] - 2012-05-20 20:03:57,918 -  - 4fb9ad5303646e59892faa0e
[] - 2012-05-20 20:03:57,918 -  - 4fb9b09d0364f1a3dd9a5e08
[] - 2012-05-20 20:03:57,919 -  -  where == ? 
[] - 2012-05-20 20:03:57,919 -  - 4fb9afa803647d3e7bd8cff3
[] - 2012-05-20 20:03:57,919 -  - 4fb9b09d0364f1a3dd9a5e08
[] - 2012-05-20 20:03:57,919 -  -  where == ? 
[] - 2012-05-20 20:03:57,919 -  - 4fb9afa803647d3e7bd8cff4
[] - 2012-05-20 20:03:57,919 -  - 4fb9b09d0364f1a3dd9a5e08
[] - 2012-05-20 20:03:57,919 -  -  where == ? 
[] - 2012-05-20 20:03:57,919 -  - 4fb9aff9036436dab81a5bcb
[] - 2012-05-20 20:03:57,919 -  - 4fb9b09d0364f1a3dd9a5e08
[] - 2012-05-20 20:03:57,920 -  -  where == ? 
[] - 2012-05-20 20:03:57,920 -  - 4fb9aff9036436dab81a5bcc
[] - 2012-05-20 20:03:57,920 -  - 4fb9b09d0364f1a3dd9a5e08
[] - 2012-05-20 20:03:57,920 -  -  where == ? 
[] - 2012-05-20 20:03:57,920 -  - 4fb9b0650364f0137d76018a
[] - 2012-05-20 20:03:57,920 -  - 4fb9b09d0364f1a3dd9a5e08
[] - 2012-05-20 20:03:57,920 -  -  where == ? 
[] - 2012-05-20 20:03:57,920 -  - 4fb9b0650364f0137d76018b
[] - 2012-05-20 20:03:57,921 -  - 4fb9b09d0364f1a3dd9a5e08
[] - 2012-05-20 20:03:57,921 -  -  where == ? 
[] - 2012-05-20 20:03:57,921 -  - 4fb9b09d0364f1a3dd9a5e07
[] - 2012-05-20 20:03:57,921 -  - 4fb9b09d0364f1a3dd9a5e08
[] - 2012-05-20 20:03:57,921 -  -  where == ? 
[] - 2012-05-20 20:03:57,921 -  - 4fb9b09d0364f1a3dd9a5e08
[] - 2012-05-20 20:03:57,921 -  - 4fb9b09d0364f1a3dd9a5e08
[] - 2012-05-20 20:03:57,921 -  -  where == ? 
[] - 2012-05-20 20:03:57,921 -  - 4fb9b09d0364f1a3dd9a5e08 is removed!
[] - 2012-05-20 20:03:57,922 -  - 4fb9b09d0364f1a3dd9a5e08 trying to remove!
[] - 2012-05-20 20:03:57,937 -  - Sending email..
[] - 2012-05-20 20:03:57,938 -  - Sending email..
[] - 2012-05-20 20:03:58,089 -  - 4fb9aaa80364aadfa76758a7
[] - 2012-05-20 20:03:58,089 -  - 4fb9b09d0364f1a3dd9a5e08
[] - 2012-05-20 20:03:58,089 -  -  where == ? 
[] - 2012-05-20 20:03:58,089 -  - 4fb9aaaa0364aadfa76758a8
[] - 2012-05-20 20:03:58,089 -  - 4fb9b09d0364f1a3dd9a5e08
[] - 2012-05-20 20:03:58,089 -  -  where == ? 
[] - 2012-05-20 20:03:58,089 -  - 4fb9aba503649b880c6ed861
[] - 2012-05-20 20:03:58,089 -  - 4fb9b09d0364f1a3dd9a5e08
[] - 2012-05-20 20:03:58,089 -  -  where == ? 
[] - 2012-05-20 20:03:58,089 -  - 4fb9abed03644a42dbd2aed1
[] - 2012-05-20 20:03:58,090 -  - 4fb9b09d0364f1a3dd9a5e08
[] - 2012-05-20 20:03:58,090 -  -  where == ? 
[] - 2012-05-20 20:03:58,090 -  - 4fb9ac6103648a568cba5f37
[] - 2012-05-20 20:03:58,090 -  - 4fb9b09d0364f1a3dd9a5e08
[] - 2012-05-20 20:03:58,090 -  -  where == ? 
[] - 2012-05-20 20:03:58,090 -  - 4fb9ac830364a2ed2b4d2f50
[] - 2012-05-20 20:03:58,090 -  - 4fb9b09d0364f1a3dd9a5e08
[] - 2012-05-20 20:03:58,090 -  -  where == ? 
[] - 2012-05-20 20:03:58,090 -  - 4fb9acc003640887739f3826
[] - 2012-05-20 20:03:58,090 -  - 4fb9b09d0364f1a3dd9a5e08
[] - 2012-05-20 20:03:58,090 -  -  where == ? 
[] - 2012-05-20 20:03:58,090 -  - 4fb9acfe0364cc0b7d5d4298
[] - 2012-05-20 20:03:58,090 -  - 4fb9b09d0364f1a3dd9a5e08
[] - 2012-05-20 20:03:58,090 -  -  where == ? 
[] - 2012-05-20 20:03:58,090 -  - 4fb9acfe0364cc0b7d5d4299
[] - 2012-05-20 20:03:58,090 -  - 4fb9b09d0364f1a3dd9a5e08
[] - 2012-05-20 20:03:58,090 -  -  where == ? 
[] - 2012-05-20 20:03:58,091 -  - 4fb9ad5303646e59892faa0d
[] - 2012-05-20 20:03:58,091 -  - 4fb9b09d0364f1a3dd9a5e08
[] - 2012-05-20 20:03:58,091 -  -  where == ? 
[] - 2012-05-20 20:03:58,091 -  - 4fb9ad5303646e59892faa0e
[] - 2012-05-20 20:03:58,091 -  - 4fb9b09d0364f1a3dd9a5e08
[] - 2012-05-20 20:03:58,091 -  -  where == ? 
[] - 2012-05-20 20:03:58,091 -  - 4fb9afa803647d3e7bd8cff3
[] - 2012-05-20 20:03:58,091 -  - 4fb9b09d0364f1a3dd9a5e08
[] - 2012-05-20 20:03:58,091 -  -  where == ? 
[] - 2012-05-20 20:03:58,091 -  - 4fb9afa803647d3e7bd8cff4
[] - 2012-05-20 20:03:58,091 -  - 4fb9b09d0364f1a3dd9a5e08
[] - 2012-05-20 20:03:58,091 -  -  where == ? 
[] - 2012-05-20 20:03:58,091 -  - 4fb9aff9036436dab81a5bcb
[] - 2012-05-20 20:03:58,091 -  - 4fb9b09d0364f1a3dd9a5e08
[] - 2012-05-20 20:03:58,091 -  -  where == ? 
[] - 2012-05-20 20:03:58,091 -  - 4fb9aff9036436dab81a5bcc
[] - 2012-05-20 20:03:58,091 -  - 4fb9b09d0364f1a3dd9a5e08
[] - 2012-05-20 20:03:58,091 -  -  where == ? 
[] - 2012-05-20 20:03:58,091 -  - 4fb9b0650364f0137d76018a
[] - 2012-05-20 20:03:58,092 -  - 4fb9b09d0364f1a3dd9a5e08
[] - 2012-05-20 20:03:58,092 -  -  where == ? 
[] - 2012-05-20 20:03:58,092 -  - 4fb9b0650364f0137d76018b
[] - 2012-05-20 20:03:58,092 -  - 4fb9b09d0364f1a3dd9a5e08
[] - 2012-05-20 20:03:58,092 -  -  where == ? 
[] - 2012-05-20 20:03:58,092 -  - 4fb9b09d0364f1a3dd9a5e07
[] - 2012-05-20 20:03:58,092 -  - 4fb9b09d0364f1a3dd9a5e08
[] - 2012-05-20 20:03:58,092 -  -  where == ? 
[] - 2012-05-20 20:03:58,092 -  -  ping failed http://www.zytoon.me?1337568237721 status code : 400
[] - 2012-05-20 20:03:58,092 -  - 4fb9b09d0364f1a3dd9a5e08
[] - 2012-05-20 20:03:58,092 -  - 4fb9b09d0364f1a3dd9a5e08
[] - 2012-05-20 20:03:58,094 -  -  where == ? 
[] - 2012-05-20 20:03:58,095 -  - 4fb9b09d0364f1a3dd9a5e08 is removed!
[] - 2012-05-20 20:03:58,097 -  -  pinging http://www.zytoon.me?1337568595284
[] - 2012-05-20 20:03:58,102 -  -  ping failed http://www.zytoon.me?1337568353650 status code : 400
[] - 2012-05-20 20:03:58,102 -  -  pinging http://www.zytoon.me?1337569192735
[] - 2012-05-20 20:03:58,103 -  -  ping successful http://www.zytoon.me/
[] - 2012-05-20 20:03:58,103 -  -  pinging http://www.zytoon.me?1337569192867
[] - 2012-05-20 20:03:58,104 -  -  ping failed http://www.zytoon.me?test status code : 400
[] - 2012-05-20 20:03:58,105 -  -  pinging http://www.zytoon.me?1337569273761
[] - 2012-05-20 20:03:58,108 -  -  ping successful http://www.zytoon.me
[] - 2012-05-20 20:03:58,109 -  -  pinging http://www.zytoon.me?1337569273898
[] - 2012-05-20 20:03:58,121 -  -  ping failed http://www.zytoon.me?1337568448096 status code : 400
[] - 2012-05-20 20:03:58,122 -  -  pinging http://www.zytoon.me?1337569381424
[] - 2012-05-20 20:03:58,122 -  -  ping failed http://www.zytoon.me?1337568510483 status code : 400
[] - 2012-05-20 20:03:58,123 -  -  pinging http://www.zytoon.me?1337569381632
[] - 2012-05-20 20:03:58,125 -  -  ping failed http://www.zytoon.me?1337568387620 status code : 400
[] - 2012-05-20 20:03:58,135 -  -  ping failed http://www.zytoon.me?1337568510317 status code : 400
[] - 2012-05-20 20:03:58,138 -  -  ping failed http://www.zytoon.me?1337568595124 status code : 400
[] - 2012-05-20 20:05:02,757 -  -  started timer!
[] - 2012-05-20 20:05:02,885 -  - http://www.zytoon.me?1337569502783, mdshannan@gmail.com, 4fb9b0de03640084af718c91 is added to the queue!
[] - 2012-05-20 20:05:02,894 -  -  pinging http://www.zytoon.me
[] - 2012-05-20 20:05:02,895 -  -  pinging http://www.zytoon.me/
[] - 2012-05-20 20:05:02,898 -  -  pinging http://www.zytoon.me?test
[] - 2012-05-20 20:05:02,898 -  -  pinging http://www.zytoon.me?1337568237721
[] - 2012-05-20 20:05:02,898 -  -  pinging http://www.zytoon.me?1337568353650
[] - 2012-05-20 20:05:02,899 -  -  pinging http://www.zytoon.me?1337568387620
[] - 2012-05-20 20:05:02,899 -  -  pinging http://www.zytoon.me?1337568448096
[] - 2012-05-20 20:05:02,899 -  -  pinging http://www.zytoon.me?1337568510317
[] - 2012-05-20 20:05:02,899 -  -  pinging http://www.zytoon.me?1337568510483
[] - 2012-05-20 20:05:02,904 -  -  pinging http://www.zytoon.me?1337568595124
[] - 2012-05-20 20:05:02,938 -  - Sending email..
[] - 2012-05-20 20:05:02,970 -  - http://www.zytoon.me?1337569502783, mdshannan@gmail.com is not valid!
[] - 2012-05-20 20:05:02,971 -  - Sending email..
[] - 2012-05-20 20:05:02,992 -  - http://www.zytoon.me?1337569502980, mdshannan@gmail.com, 4fb9b0de03640084af718c92 is added to the queue!
[] - 2012-05-20 20:05:02,992 -  - 4fb9b0de03640084af718c92 trying to remove!
[] - 2012-05-20 20:05:03,004 -  - 4fb9aaa80364aadfa76758a7
[] - 2012-05-20 20:05:03,004 -  - 4fb9b0de03640084af718c92
[] - 2012-05-20 20:05:03,004 -  -  where == ? 
[] - 2012-05-20 20:05:03,005 -  - 4fb9aaaa0364aadfa76758a8
[] - 2012-05-20 20:05:03,005 -  - 4fb9b0de03640084af718c92
[] - 2012-05-20 20:05:03,005 -  -  where == ? 
[] - 2012-05-20 20:05:03,005 -  - 4fb9aba503649b880c6ed861
[] - 2012-05-20 20:05:03,005 -  - 4fb9b0de03640084af718c92
[] - 2012-05-20 20:05:03,005 -  -  where == ? 
[] - 2012-05-20 20:05:03,005 -  - 4fb9abed03644a42dbd2aed1
[] - 2012-05-20 20:05:03,005 -  - 4fb9b0de03640084af718c92
[] - 2012-05-20 20:05:03,005 -  -  where == ? 
[] - 2012-05-20 20:05:03,005 -  - 4fb9ac6103648a568cba5f37
[] - 2012-05-20 20:05:03,005 -  - 4fb9b0de03640084af718c92
[] - 2012-05-20 20:05:03,005 -  -  where == ? 
[] - 2012-05-20 20:05:03,005 -  - 4fb9ac830364a2ed2b4d2f50
[] - 2012-05-20 20:05:03,006 -  - 4fb9b0de03640084af718c92
[] - 2012-05-20 20:05:03,006 -  -  where == ? 
[] - 2012-05-20 20:05:03,006 -  - 4fb9acc003640887739f3826
[] - 2012-05-20 20:05:03,006 -  - 4fb9b0de03640084af718c92
[] - 2012-05-20 20:05:03,006 -  -  where == ? 
[] - 2012-05-20 20:05:03,006 -  - 4fb9acfe0364cc0b7d5d4298
[] - 2012-05-20 20:05:03,006 -  - 4fb9b0de03640084af718c92
[] - 2012-05-20 20:05:03,006 -  -  where == ? 
[] - 2012-05-20 20:05:03,006 -  - 4fb9acfe0364cc0b7d5d4299
[] - 2012-05-20 20:05:03,006 -  - 4fb9b0de03640084af718c92
[] - 2012-05-20 20:05:03,006 -  -  where == ? 
[] - 2012-05-20 20:05:03,006 -  - 4fb9ad5303646e59892faa0d
[] - 2012-05-20 20:05:03,006 -  - 4fb9b0de03640084af718c92
[] - 2012-05-20 20:05:03,007 -  -  where == ? 
[] - 2012-05-20 20:05:03,007 -  - 4fb9ad5303646e59892faa0e
[] - 2012-05-20 20:05:03,007 -  - 4fb9b0de03640084af718c92
[] - 2012-05-20 20:05:03,007 -  -  where == ? 
[] - 2012-05-20 20:05:03,007 -  - 4fb9afa803647d3e7bd8cff3
[] - 2012-05-20 20:05:03,007 -  - 4fb9b0de03640084af718c92
[] - 2012-05-20 20:05:03,007 -  -  where == ? 
[] - 2012-05-20 20:05:03,007 -  - 4fb9afa803647d3e7bd8cff4
[] - 2012-05-20 20:05:03,007 -  - 4fb9b0de03640084af718c92
[] - 2012-05-20 20:05:03,007 -  -  where == ? 
[] - 2012-05-20 20:05:03,007 -  - 4fb9aff9036436dab81a5bcb
[] - 2012-05-20 20:05:03,007 -  - 4fb9b0de03640084af718c92
[] - 2012-05-20 20:05:03,007 -  -  where == ? 
[] - 2012-05-20 20:05:03,007 -  - 4fb9aff9036436dab81a5bcc
[] - 2012-05-20 20:05:03,008 -  - 4fb9b0de03640084af718c92
[] - 2012-05-20 20:05:03,008 -  -  where == ? 
[] - 2012-05-20 20:05:03,008 -  - 4fb9b0650364f0137d76018a
[] - 2012-05-20 20:05:03,008 -  - 4fb9b0de03640084af718c92
[] - 2012-05-20 20:05:03,008 -  -  where == ? 
[] - 2012-05-20 20:05:03,008 -  - 4fb9b0650364f0137d76018b
[] - 2012-05-20 20:05:03,008 -  - 4fb9b0de03640084af718c92
[] - 2012-05-20 20:05:03,008 -  -  where == ? 
[] - 2012-05-20 20:05:03,008 -  - 4fb9b09d0364f1a3dd9a5e07
[] - 2012-05-20 20:05:03,008 -  - 4fb9b0de03640084af718c92
[] - 2012-05-20 20:05:03,008 -  -  where == ? 
[] - 2012-05-20 20:05:03,008 -  - 4fb9b09d0364f1a3dd9a5e08
[] - 2012-05-20 20:05:03,008 -  - 4fb9b0de03640084af718c92
[] - 2012-05-20 20:05:03,009 -  -  where == ? 
[] - 2012-05-20 20:05:03,009 -  - 4fb9b0de03640084af718c91
[] - 2012-05-20 20:05:03,009 -  - 4fb9b0de03640084af718c92
[] - 2012-05-20 20:05:03,009 -  -  where == ? 
[] - 2012-05-20 20:05:03,009 -  - 4fb9b0de03640084af718c92
[] - 2012-05-20 20:05:03,009 -  - 4fb9b0de03640084af718c92
[] - 2012-05-20 20:05:03,009 -  -  where == ? 
[] - 2012-05-20 20:05:03,009 -  - 4fb9b0de03640084af718c92 is removed!
[] - 2012-05-20 20:05:03,009 -  - 4fb9b0de03640084af718c92 trying to remove!
[] - 2012-05-20 20:05:03,114 -  - 4fb9aaa80364aadfa76758a7
[] - 2012-05-20 20:05:03,114 -  - 4fb9b0de03640084af718c92
[] - 2012-05-20 20:05:03,114 -  -  where == ? 
[] - 2012-05-20 20:05:03,114 -  - 4fb9aaaa0364aadfa76758a8
[] - 2012-05-20 20:05:03,114 -  - 4fb9b0de03640084af718c92
[] - 2012-05-20 20:05:03,114 -  -  where == ? 
[] - 2012-05-20 20:05:03,114 -  - 4fb9aba503649b880c6ed861
[] - 2012-05-20 20:05:03,115 -  - 4fb9b0de03640084af718c92
[] - 2012-05-20 20:05:03,115 -  -  where == ? 
[] - 2012-05-20 20:05:03,115 -  - 4fb9abed03644a42dbd2aed1
[] - 2012-05-20 20:05:03,115 -  - 4fb9b0de03640084af718c92
[] - 2012-05-20 20:05:03,115 -  -  where == ? 
[] - 2012-05-20 20:05:03,115 -  - 4fb9ac6103648a568cba5f37
[] - 2012-05-20 20:05:03,115 -  - 4fb9b0de03640084af718c92
[] - 2012-05-20 20:05:03,115 -  -  where == ? 
[] - 2012-05-20 20:05:03,115 -  - 4fb9ac830364a2ed2b4d2f50
[] - 2012-05-20 20:05:03,115 -  - 4fb9b0de03640084af718c92
[] - 2012-05-20 20:05:03,115 -  -  where == ? 
[] - 2012-05-20 20:05:03,115 -  - 4fb9acc003640887739f3826
[] - 2012-05-20 20:05:03,115 -  - 4fb9b0de03640084af718c92
[] - 2012-05-20 20:05:03,115 -  -  where == ? 
[] - 2012-05-20 20:05:03,115 -  - 4fb9acfe0364cc0b7d5d4298
[] - 2012-05-20 20:05:03,115 -  - 4fb9b0de03640084af718c92
[] - 2012-05-20 20:05:03,115 -  -  where == ? 
[] - 2012-05-20 20:05:03,115 -  - 4fb9acfe0364cc0b7d5d4299
[] - 2012-05-20 20:05:03,115 -  - 4fb9b0de03640084af718c92
[] - 2012-05-20 20:05:03,116 -  -  where == ? 
[] - 2012-05-20 20:05:03,116 -  - 4fb9ad5303646e59892faa0d
[] - 2012-05-20 20:05:03,116 -  - 4fb9b0de03640084af718c92
[] - 2012-05-20 20:05:03,116 -  -  where == ? 
[] - 2012-05-20 20:05:03,116 -  - 4fb9ad5303646e59892faa0e
[] - 2012-05-20 20:05:03,116 -  - 4fb9b0de03640084af718c92
[] - 2012-05-20 20:05:03,116 -  -  where == ? 
[] - 2012-05-20 20:05:03,116 -  - 4fb9afa803647d3e7bd8cff3
[] - 2012-05-20 20:05:03,128 -  - 4fb9b0de03640084af718c92
[] - 2012-05-20 20:05:03,128 -  -  where == ? 
[] - 2012-05-20 20:05:03,128 -  - 4fb9afa803647d3e7bd8cff4
[] - 2012-05-20 20:05:03,128 -  - 4fb9b0de03640084af718c92
[] - 2012-05-20 20:05:03,128 -  -  where == ? 
[] - 2012-05-20 20:05:03,128 -  - 4fb9aff9036436dab81a5bcb
[] - 2012-05-20 20:05:03,128 -  - 4fb9b0de03640084af718c92
[] - 2012-05-20 20:05:03,128 -  -  where == ? 
[] - 2012-05-20 20:05:03,128 -  - 4fb9aff9036436dab81a5bcc
[] - 2012-05-20 20:05:03,128 -  - 4fb9b0de03640084af718c92
[] - 2012-05-20 20:05:03,128 -  -  where == ? 
[] - 2012-05-20 20:05:03,128 -  - 4fb9b0650364f0137d76018a
[] - 2012-05-20 20:05:03,128 -  - 4fb9b0de03640084af718c92
[] - 2012-05-20 20:05:03,128 -  -  where == ? 
[] - 2012-05-20 20:05:03,128 -  - 4fb9b0650364f0137d76018b
[] - 2012-05-20 20:05:03,128 -  - 4fb9b0de03640084af718c92
[] - 2012-05-20 20:05:03,128 -  -  where == ? 
[] - 2012-05-20 20:05:03,128 -  - 4fb9b09d0364f1a3dd9a5e07
[] - 2012-05-20 20:05:03,129 -  - 4fb9b0de03640084af718c92
[] - 2012-05-20 20:05:03,129 -  -  where == ? 
[] - 2012-05-20 20:05:03,129 -  - 4fb9b09d0364f1a3dd9a5e08
[] - 2012-05-20 20:05:03,129 -  - 4fb9b0de03640084af718c92
[] - 2012-05-20 20:05:03,129 -  -  where == ? 
[] - 2012-05-20 20:05:03,129 -  - 4fb9b0de03640084af718c91
[] - 2012-05-20 20:05:03,129 -  - 4fb9b0de03640084af718c92
[] - 2012-05-20 20:05:03,129 -  -  where == ? 
[] - 2012-05-20 20:05:03,129 -  - 4fb9b0de03640084af718c92
[] - 2012-05-20 20:05:03,129 -  - 4fb9b0de03640084af718c92
[] - 2012-05-20 20:05:03,129 -  -  where == ? 
[] - 2012-05-20 20:05:03,130 -  - 4fb9b0de03640084af718c92 is removed!
