0:0:0:0:0:0:0:1%0 -  -  [11/May/2012:22:58:24 +0000] "POST /rest/monitor/ HTTP/1.1" 200 24 
0:0:0:0:0:0:0:1%0 -  -  [11/May/2012:23:16:29 +0000] "POST /rest/monitor/ HTTP/1.1" 200 24 
0:0:0:0:0:0:0:1%0 -  -  [11/May/2012:23:18:07 +0000] "POST /rest/monitor/ HTTP/1.1" 200 24 
0:0:0:0:0:0:0:1%0 -  -  [11/May/2012:23:19:12 +0000] "GET /rest/monitor/delete/id=5c5f8f1a-97f8-426d-9a3b-a3b972fc335d HTTP/1.1" 200 37 
0:0:0:0:0:0:0:1%0 -  -  [11/May/2012:23:20:49 +0000] "GET /rest/monitor/delete/5c5f8f1a-97f8-426d-9a3b-a3b972fc335d HTTP/1.1" 200 34 
0:0:0:0:0:0:0:1%0 -  -  [11/May/2012:23:22:02 +0000] "POST /rest/monitor/ HTTP/1.1" 200 24 
0:0:0:0:0:0:0:1%0 -  -  [11/May/2012:23:26:17 +0000] "GET / HTTP/1.1" 304 0 
0:0:0:0:0:0:0:1%0 -  -  [11/May/2012:23:26:18 +0000] "GET /favicon.ico HTTP/1.1" 404 1376 
0:0:0:0:0:0:0:1%0 -  -  [11/May/2012:23:36:39 +0000] "GET / HTTP/1.1" 200 2035 
0:0:0:0:0:0:0:1%0 -  -  [11/May/2012:23:36:40 +0000] "GET /favicon.ico HTTP/1.1" 404 1376 
0:0:0:0:0:0:0:1%0 -  -  [11/May/2012:23:37:22 +0000] "GET / HTTP/1.1" 200 2038 
0:0:0:0:0:0:0:1%0 -  -  [11/May/2012:23:37:23 +0000] "GET /favicon.ico HTTP/1.1" 404 1376 
0:0:0:0:0:0:0:1%0 -  -  [11/May/2012:23:38:04 +0000] "GET / HTTP/1.1" 200 2028 
0:0:0:0:0:0:0:1%0 -  -  [11/May/2012:23:38:05 +0000] "GET /favicon.ico HTTP/1.1" 404 1376 
0:0:0:0:0:0:0:1%0 -  -  [11/May/2012:23:38:24 +0000] "GET / HTTP/1.1" 200 2037 
0:0:0:0:0:0:0:1%0 -  -  [11/May/2012:23:38:25 +0000] "GET /favicon.ico HTTP/1.1" 404 1376 
0:0:0:0:0:0:0:1%0 -  -  [11/May/2012:23:39:01 +0000] "GET / HTTP/1.1" 200 2086 
0:0:0:0:0:0:0:1%0 -  -  [11/May/2012:23:39:02 +0000] "GET /favicon.ico HTTP/1.1" 404 1376 
0:0:0:0:0:0:0:1%0 -  -  [11/May/2012:23:39:32 +0000] "GET / HTTP/1.1" 200 2142 
0:0:0:0:0:0:0:1%0 -  -  [11/May/2012:23:39:33 +0000] "GET /favicon.ico HTTP/1.1" 404 1376 
0:0:0:0:0:0:0:1%0 -  -  [11/May/2012:23:40:50 +0000] "GET / HTTP/1.1" 200 2162 
0:0:0:0:0:0:0:1%0 -  -  [11/May/2012:23:40:50 +0000] "GET /favicon.ico HTTP/1.1" 404 1376 
0:0:0:0:0:0:0:1%0 -  -  [11/May/2012:23:41:11 +0000] "GET / HTTP/1.1" 200 2162 
0:0:0:0:0:0:0:1%0 -  -  [11/May/2012:23:41:12 +0000] "GET /favicon.ico HTTP/1.1" 404 1376 
0:0:0:0:0:0:0:1%0 -  -  [11/May/2012:23:43:27 +0000] "GET / HTTP/1.1" 200 2674 
0:0:0:0:0:0:0:1%0 -  -  [11/May/2012:23:43:28 +0000] "GET /favicon.ico HTTP/1.1" 404 1376 
0:0:0:0:0:0:0:1%0 -  -  [11/May/2012:23:43:37 +0000] "GET / HTTP/1.1" 200 2653 
0:0:0:0:0:0:0:1%0 -  -  [11/May/2012:23:43:37 +0000] "GET /favicon.ico HTTP/1.1" 404 1376 
0:0:0:0:0:0:0:1%0 -  -  [11/May/2012:23:44:31 +0000] "GET / HTTP/1.1" 200 2712 
0:0:0:0:0:0:0:1%0 -  -  [11/May/2012:23:44:32 +0000] "GET /favicon.ico HTTP/1.1" 404 1376 
0:0:0:0:0:0:0:1%0 -  -  [11/May/2012:23:45:13 +0000] "GET / HTTP/1.1" 200 2656 
0:0:0:0:0:0:0:1%0 -  -  [11/May/2012:23:45:14 +0000] "GET /favicon.ico HTTP/1.1" 404 1376 
0:0:0:0:0:0:0:1%0 -  -  [11/May/2012:23:52:07 +0000] "GET / HTTP/1.1" 200 2862 
0:0:0:0:0:0:0:1%0 -  -  [11/May/2012:23:52:08 +0000] "GET /favicon.ico HTTP/1.1" 404 1376 
0:0:0:0:0:0:0:1%0 -  -  [11/May/2012:23:53:24 +0000] "GET / HTTP/1.1" 304 0 
0:0:0:0:0:0:0:1%0 -  -  [11/May/2012:23:53:25 +0000] "GET /favicon.ico HTTP/1.1" 404 1376 
0:0:0:0:0:0:0:1%0 -  -  [11/May/2012:23:54:40 +0000] "GET / HTTP/1.1" 304 0 
0:0:0:0:0:0:0:1%0 -  -  [11/May/2012:23:54:41 +0000] "GET /favicon.ico HTTP/1.1" 404 1376 
0:0:0:0:0:0:0:1%0 -  -  [11/May/2012:23:55:11 +0000] "GET / HTTP/1.1" 200 2862 
0:0:0:0:0:0:0:1%0 -  -  [11/May/2012:23:55:16 +0000] "GET /favicon.ico HTTP/1.1" 404 1376 
0:0:0:0:0:0:0:1%0 -  -  [11/May/2012:23:55:17 +0000] "GET /favicon.ico HTTP/1.1" 404 1376 
0:0:0:0:0:0:0:1%0 -  -  [11/May/2012:23:55:27 +0000] "GET / HTTP/1.1" 304 0 
0:0:0:0:0:0:0:1%0 -  -  [11/May/2012:23:55:39 +0000] "GET / HTTP/1.1" 304 0 
0:0:0:0:0:0:0:1%0 -  -  [11/May/2012:23:55:59 +0000] "GET / HTTP/1.1" 200 2863 
0:0:0:0:0:0:0:1%0 -  -  [11/May/2012:23:56:04 +0000] "POST /rest/monitor/ HTTP/1.1" 200 24 
0:0:0:0:0:0:0:1%0 -  -  [11/May/2012:23:56:06 +0000] "POST /rest/monitor/ HTTP/1.1" 200 24 
0:0:0:0:0:0:0:1%0 -  -  [11/May/2012:23:56:17 +0000] "POST /rest/monitor/ HTTP/1.1" 200 24 
0:0:0:0:0:0:0:1%0 -  -  [11/May/2012:23:56:18 +0000] "POST /rest/monitor/ HTTP/1.1" 200 24 
0:0:0:0:0:0:0:1%0 -  -  [11/May/2012:23:56:51 +0000] "POST /rest/monitor/ HTTP/1.1" 200 24 
0:0:0:0:0:0:0:1%0 -  -  [11/May/2012:23:57:04 +0000] "POST /rest/monitor/ HTTP/1.1" 200 24 
0:0:0:0:0:0:0:1%0 -  -  [11/May/2012:23:59:02 +0000] "GET / HTTP/1.1" 200 2865 
0:0:0:0:0:0:0:1%0 -  -  [11/May/2012:23:59:15 +0000] "POST /rest/monitor/ HTTP/1.1" 200 24 
